14:21:51 **** Clean-only build of project system_wrapper_platform_0_1 ****
buildplatform.bat 52152 system_wrapper_platform_0_1 clean 
XSDB Server Channel: tcfchan#4
Cleaning the zynq_fsbl application.
rm -rf  sd.o  nand.o  image_mover.o  md5.o  fsbl_hooks.o  main.o  rsa.o  nor.o  qspi.o  ps7_init.o  pcap.o  fsbl_handoff.o zynq
_fsbl_bsp/ps7_cortexa9_0/lib/libxil.a executable.elf *.o

rm: cannot lstat `*.o': Invalid argument
make: *** [Makefile:41: clean] Error 1
Failed to do platform clean.
    invoked from within
"::tcf::eval -progress {apply {{msg} {puts $msg}}} {tcf_send_command tcfchan#0 xsdb eval s es {{platform active system_wrapper_platform_0_1; platform clean}}}"
    (procedure "::tcf::send_command" line 4)
    invoked from within
"tcf send_command $::xsdb::curchan xsdb eval s es [list "platform active $PLATFORM_NAME; platform clean"]"
    invoked from within
"if { $iswindows == 1 } {    

    set XSDB_PORT [lindex $argv 0]
    set PLATFORM_NAME [lindex $argv 1]
    set arglen [llength $argv]
    set lastind..."
    (file "D:/Xilinx/Vitis/2019.2\scripts\vitis\util\buildplatform.tcl" line 11)
14:21:53 **** Clean-only build of configuration No_optimization for project application ****
make clean 
rm -rf  ./src/benchmarking.o ./src/capture.o ./src/display.o ./src/imageProcessor.o ./src/main.o ./src/vdma.o  ./src/benchmarking.d ./src/capture.d ./src/display.d ./src/imageProcessor.d ./src/main.d ./src/vdma.d  application.elf.size  application.elf
' '
